Flow report for Lab1
Fri Sep 30 14:04:29 2022
Quartus Prime Version 16.0.0 Build 211 04/27/2016 SJ Lite Edition


---------------------
; Table of Contents ;
---------------------
  1. Legal Notice
  2. Flow Summary
  3. Flow Settings
  4. Flow Non-Default Global Settings
  5. Flow Elapsed Time
  6. Flow OS Summary
  7. Flow Log
  8. Flow Messages
  9. Flow Suppressed Messages



----------------
; Legal Notice ;
----------------
Copyright (C) 1991-2016 Altera Corporation. All rights reserved.
Your use of Altera Corporation's design tools, logic functions 
and other software and tools, and its AMPP partner logic 
functions, and any output files from any of the foregoing 
(including device programming or simulation files), and any 
associated documentation or information are expressly subject 
to the terms and conditions of the Altera Program License 
Subscription Agreement, the Altera Quartus Prime License Agreement,
the Altera MegaCore Function License Agreement, or other 
applicable license agreement, including, without limitation, 
that your use is for the sole purpose of programming logic 
devices manufactured by Altera and sold by Altera or its 
authorized distributors.  Please refer to the applicable 
agreement for further details.



+-------------------------------------------------------------------------------+
; Flow Summary                                                                  ;
+---------------------------------+---------------------------------------------+
; Flow Status                     ; Successful - Fri Sep 30 14:04:21 2022       ;
; Quartus Prime Version           ; 16.0.0 Build 211 04/27/2016 SJ Lite Edition ;
; Revision Name                   ; Lab1                                        ;
; Top-level Entity Name           ; count_bin_top                               ;
; Family                          ; Cyclone V                                   ;
; Device                          ; 5CSEMA5F31C6                                ;
; Timing Models                   ; Final                                       ;
; Logic utilization (in ALMs)     ; 1,023 / 32,070 ( 3 % )                      ;
; Total registers                 ; 1525                                        ;
; Total pins                      ; 66 / 457 ( 14 % )                           ;
; Total virtual pins              ; 0                                           ;
; Total block memory bits         ; 11,392 / 4,065,280 ( < 1 % )                ;
; Total DSP Blocks                ; 0 / 87 ( 0 % )                              ;
; Total HSSI RX PCSs              ; 0                                           ;
; Total HSSI PMA RX Deserializers ; 0                                           ;
; Total HSSI TX PCSs              ; 0                                           ;
; Total HSSI PMA TX Serializers   ; 0                                           ;
; Total PLLs                      ; 1 / 6 ( 17 % )                              ;
; Total DLLs                      ; 0 / 4 ( 0 % )                               ;
+---------------------------------+---------------------------------------------+


+-----------------------------------------+
; Flow Settings                           ;
+-------------------+---------------------+
; Option            ; Setting             ;
+-------------------+---------------------+
; Start date & time ; 09/30/2022 14:02:24 ;
; Main task         ; Compilation         ;
; Revision Name     ; Lab1                ;
+-------------------+---------------------+


+-------------------------------------------------------------------------------------------------------------------------------------------+
; Flow Non-Default Global Settings                                                                                                          ;
+-------------------------------------+--------------------------------------------------------+---------------+---------------+------------+
; Assignment Name                     ; Value                                                  ; Default Value ; Entity Name   ; Section Id ;
+-------------------------------------+--------------------------------------------------------+---------------+---------------+------------+
; COMPILER_SIGNATURE_ID               ; 238300920095353.166456094451520                        ; --            ; --            ; --         ;
; MAX_CORE_JUNCTION_TEMP              ; 85                                                     ; --            ; --            ; --         ;
; MIN_CORE_JUNCTION_TEMP              ; 0                                                      ; --            ; --            ; --         ;
; MISC_FILE                           ; Lab1/synthesis/../Lab1.cmp                             ; --            ; --            ; --         ;
; MISC_FILE                           ; Lab1/synthesis/../../Lab1.qsys                         ; --            ; --            ; --         ;
; PARTITION_COLOR                     ; 16764057                                               ; --            ; count_bin_top ; Top        ;
; PARTITION_FITTER_PRESERVATION_LEVEL ; PLACEMENT_AND_ROUTING                                  ; --            ; count_bin_top ; Top        ;
; PARTITION_NETLIST_TYPE              ; SOURCE                                                 ; --            ; count_bin_top ; Top        ;
; POWER_BOARD_THERMAL_MODEL           ; None (CONSERVATIVE)                                    ; --            ; --            ; --         ;
; POWER_PRESET_COOLING_SOLUTION       ; 23 MM HEAT SINK WITH 200 LFPM AIRFLOW                  ; --            ; --            ; --         ;
; SLD_FILE                            ; Lab1/synthesis/Lab1.regmap                             ; --            ; --            ; --         ;
; SLD_FILE                            ; Lab1/synthesis/Lab1.debuginfo                          ; --            ; --            ; --         ;
; SLD_INFO                            ; QSYS_NAME Lab1 HAS_SOPCINFO 1 GENERATION_ID 1664560734 ; --            ; --            ; --         ;
; SOPCINFO_FILE                       ; Lab1/synthesis/../../Lab1.sopcinfo                     ; --            ; --            ; --         ;
; SYNTHESIS_ONLY_QIP                  ; On                                                     ; --            ; --            ; --         ;
; TOP_LEVEL_ENTITY                    ; count_bin_top                                          ; Lab1          ; --            ; --         ;
+-------------------------------------+--------------------------------------------------------+---------------+---------------+------------+


+-------------------------------------------------------------------------------------------------------------------------------+
; Flow Elapsed Time                                                                                                             ;
+---------------------------+--------------+-------------------------+---------------------+------------------------------------+
; Module Name               ; Elapsed Time ; Average Processors Used ; Peak Virtual Memory ; Total CPU Time (on all processors) ;
+---------------------------+--------------+-------------------------+---------------------+------------------------------------+
; Analysis & Synthesis      ; 00:00:22     ; 1.0                     ; 5244 MB             ; 00:00:46                           ;
; Fitter                    ; 00:01:27     ; 1.1                     ; 8100 MB             ; 00:08:35                           ;
; Assembler                 ; 00:00:05     ; 1.0                     ; 5061 MB             ; 00:00:05                           ;
; TimeQuest Timing Analyzer ; 00:00:08     ; 2.0                     ; 5698 MB             ; 00:00:12                           ;
; Total                     ; 00:02:02     ; --                      ; --                  ; 00:09:38                           ;
+---------------------------+--------------+-------------------------+---------------------+------------------------------------+


+----------------------------------------------------------------------------------------+
; Flow OS Summary                                                                        ;
+---------------------------+------------------+-----------+------------+----------------+
; Module Name               ; Machine Hostname ; OS Name   ; OS Version ; Processor type ;
+---------------------------+------------------+-----------+------------+----------------+
; Analysis & Synthesis      ; Alvin-Computer   ; Windows 8 ; 6.2        ; x86_64         ;
; Fitter                    ; Alvin-Computer   ; Windows 8 ; 6.2        ; x86_64         ;
; Assembler                 ; Alvin-Computer   ; Windows 8 ; 6.2        ; x86_64         ;
; TimeQuest Timing Analyzer ; Alvin-Computer   ; Windows 8 ; 6.2        ; x86_64         ;
+---------------------------+------------------+-----------+------------+----------------+


------------
; Flow Log ;
------------
quartus_map --read_settings_files=on --write_settings_files=off Lab1 -c Lab1
quartus_fit --read_settings_files=off --write_settings_files=off Lab1 -c Lab1
quartus_asm --read_settings_files=off --write_settings_files=off Lab1 -c Lab1
quartus_sta Lab1 -c Lab1



