Info: Starting: Create block symbol file (.bsf)
Info: qsys-generate C:\Users\Alvin\Desktop\ECE371\Lab1\Lab1.qsys --block-symbol-file --output-directory=C:\Users\Alvin\Desktop\ECE371\Lab1\Lab1 --family="Cyclone V" --part=5CSEMA5F31C6
Progress: Loading Lab1/Lab1.qsys
Progress: Reading input file
Progress: Adding jtag_uart_0 [altera_avalon_jtag_uart 16.0]
Progress: Parameterizing module jtag_uart_0
Progress: Adding new_sdram_controller_0 [altera_avalon_new_sdram_controller 16.0]
Progress: Parameterizing module new_sdram_controller_0
Progress: Adding nios2_gen2_0 [altera_nios2_gen2 16.0]
Progress: Parameterizing module nios2_gen2_0
Progress: Adding sys_sdram_pll_0 [altera_up_avalon_sys_sdram_pll 15.1]
Progress: Parameterizing module sys_sdram_pll_0
Progress: Adding timer_0 [altera_avalon_timer 16.0]
Progress: Parameterizing module timer_0
Progress: Building connections
Progress: Parameterizing connections
Progress: Validating
Progress: Done reading input file
Info: Lab1.jtag_uart_0: JTAG UART IP input clock need to be at least double (2x) the operating frequency of JTAG TCK on board
Info: qsys-generate succeeded.
Info: Finished: Create block symbol file (.bsf)
Info: 
Info: Starting: Create HDL design files for synthesis
Info: qsys-generate C:\Users\Alvin\Desktop\ECE371\Lab1\Lab1.qsys --synthesis=VERILOG --output-directory=C:\Users\Alvin\Desktop\ECE371\Lab1\Lab1\synthesis --family="Cyclone V" --part=5CSEMA5F31C6
Progress: Loading Lab1/Lab1.qsys
Progress: Reading input file
Progress: Adding jtag_uart_0 [altera_avalon_jtag_uart 16.0]
Progress: Parameterizing module jtag_uart_0
Progress: Adding new_sdram_controller_0 [altera_avalon_new_sdram_controller 16.0]
Progress: Parameterizing module new_sdram_controller_0
Progress: Adding nios2_gen2_0 [altera_nios2_gen2 16.0]
Progress: Parameterizing module nios2_gen2_0
Progress: Adding sys_sdram_pll_0 [altera_up_avalon_sys_sdram_pll 15.1]
Progress: Parameterizing module sys_sdram_pll_0
Progress: Adding timer_0 [altera_avalon_timer 16.0]
Progress: Parameterizing module timer_0
Progress: Building connections
Progress: Parameterizing connections
Progress: Validating
Progress: Done reading input file
Info: Lab1.jtag_uart_0: JTAG UART IP input clock need to be at least double (2x) the operating frequency of JTAG TCK on board
Info: Lab1: Generating Lab1 "Lab1" for QUARTUS_SYNTH
Info: jtag_uart_0: Starting RTL generation for module 'Lab1_jtag_uart_0'
Info: jtag_uart_0:   Generation command is [exec C:/altera_lite/16.0/quartus/bin64/perl/bin/perl.exe -I C:/altera_lite/16.0/quartus/bin64/perl/lib -I C:/altera_lite/16.0/quartus/sopc_builder/bin/europa -I C:/altera_lite/16.0/quartus/sopc_builder/bin/perl_lib -I C:/altera_lite/16.0/quartus/sopc_builder/bin -I C:/altera_lite/16.0/quartus/../ip/altera/sopc_builder_ip/common -I C:/altera_lite/16.0/quartus/../ip/altera/sopc_builder_ip/altera_avalon_jtag_uart -- C:/altera_lite/16.0/quartus/../ip/altera/sopc_builder_ip/altera_avalon_jtag_uart/generate_rtl.pl --name=Lab1_jtag_uart_0 --dir=C:/Users/Alvin/AppData/Local/Temp/alt9265_1146099457804799598.dir/0001_jtag_uart_0_gen/ --quartus_dir=C:/altera_lite/16.0/quartus --verilog --config=C:/Users/Alvin/AppData/Local/Temp/alt9265_1146099457804799598.dir/0001_jtag_uart_0_gen//Lab1_jtag_uart_0_component_configuration.pl  --do_build_sim=0  ]
Info: jtag_uart_0: Done RTL generation for module 'Lab1_jtag_uart_0'
Info: jtag_uart_0: "Lab1" instantiated altera_avalon_jtag_uart "jtag_uart_0"
Info: new_sdram_controller_0: Starting RTL generation for module 'Lab1_new_sdram_controller_0'
Info: new_sdram_controller_0:   Generation command is [exec C:/altera_lite/16.0/quartus/bin64/perl/bin/perl.exe -I C:/altera_lite/16.0/quartus/bin64/perl/lib -I C:/altera_lite/16.0/quartus/sopc_builder/bin/europa -I C:/altera_lite/16.0/quartus/sopc_builder/bin/perl_lib -I C:/altera_lite/16.0/quartus/sopc_builder/bin -I C:/altera_lite/16.0/quartus/../ip/altera/sopc_builder_ip/common -I C:/altera_lite/16.0/quartus/../ip/altera/sopc_builder_ip/altera_avalon_new_sdram_controller -- C:/altera_lite/16.0/quartus/../ip/altera/sopc_builder_ip/altera_avalon_new_sdram_controller/generate_rtl.pl --name=Lab1_new_sdram_controller_0 --dir=C:/Users/Alvin/AppData/Local/Temp/alt9265_1146099457804799598.dir/0002_new_sdram_controller_0_gen/ --quartus_dir=C:/altera_lite/16.0/quartus --verilog --config=C:/Users/Alvin/AppData/Local/Temp/alt9265_1146099457804799598.dir/0002_new_sdram_controller_0_gen//Lab1_new_sdram_controller_0_component_configuration.pl  --do_build_sim=0  ]
Info: new_sdram_controller_0: Done RTL generation for module 'Lab1_new_sdram_controller_0'
Info: new_sdram_controller_0: "Lab1" instantiated altera_avalon_new_sdram_controller "new_sdram_controller_0"
Info: nios2_gen2_0: "Lab1" instantiated altera_nios2_gen2 "nios2_gen2_0"
Info: sys_sdram_pll_0: "Lab1" instantiated altera_up_avalon_sys_sdram_pll "sys_sdram_pll_0"
Info: timer_0: Starting RTL generation for module 'Lab1_timer_0'
Info: timer_0:   Generation command is [exec C:/altera_lite/16.0/quartus/bin64//perl/bin/perl.exe -I C:/altera_lite/16.0/quartus/bin64//perl/lib -I C:/altera_lite/16.0/quartus/sopc_builder/bin/europa -I C:/altera_lite/16.0/quartus/sopc_builder/bin/perl_lib -I C:/altera_lite/16.0/quartus/sopc_builder/bin -I C:/altera_lite/16.0/quartus/../ip/altera/sopc_builder_ip/common -I C:/altera_lite/16.0/quartus/../ip/altera/sopc_builder_ip/altera_avalon_timer -- C:/altera_lite/16.0/quartus/../ip/altera/sopc_builder_ip/altera_avalon_timer/generate_rtl.pl --name=Lab1_timer_0 --dir=C:/Users/Alvin/AppData/Local/Temp/alt9265_1146099457804799598.dir/0003_timer_0_gen/ --quartus_dir=C:/altera_lite/16.0/quartus --verilog --config=C:/Users/Alvin/AppData/Local/Temp/alt9265_1146099457804799598.dir/0003_timer_0_gen//Lab1_timer_0_component_configuration.pl  --do_build_sim=0  ]
Info: timer_0: Done RTL generation for module 'Lab1_timer_0'
Info: timer_0: "Lab1" instantiated altera_avalon_timer "timer_0"
Info: avalon_st_adapter: Inserting error_adapter: error_adapter_0
Info: avalon_st_adapter_001: Inserting error_adapter: error_adapter_0
Info: avalon_st_adapter_002: Inserting error_adapter: error_adapter_0
Info: avalon_st_adapter_003: Inserting error_adapter: error_adapter_0
Info: mm_interconnect_0: "Lab1" instantiated altera_mm_interconnect "mm_interconnect_0"
Info: irq_mapper: "Lab1" instantiated altera_irq_mapper "irq_mapper"
Info: rst_controller: "Lab1" instantiated altera_reset_controller "rst_controller"
Info: cpu: Starting RTL generation for module 'Lab1_nios2_gen2_0_cpu'
Info: cpu:   Generation command is [exec C:/altera_lite/16.0/quartus/bin64//eperlcmd.exe -I C:/altera_lite/16.0/quartus/bin64//perl/lib -I C:/altera_lite/16.0/quartus/sopc_builder/bin/europa -I C:/altera_lite/16.0/quartus/sopc_builder/bin/perl_lib -I C:/altera_lite/16.0/quartus/sopc_builder/bin -I C:/altera_lite/16.0/quartus/../ip/altera/nios2_ip/altera_nios2_gen2/cpu_lib -I C:/altera_lite/16.0/quartus/../ip/altera/nios2_ip/altera_nios2_gen2/nios_lib -I C:/altera_lite/16.0/quartus/../ip/altera/nios2_ip/altera_nios2_gen2 -I C:/altera_lite/16.0/quartus/../ip/altera/nios2_ip/altera_nios2_gen2 -- C:/altera_lite/16.0/quartus/../ip/altera/nios2_ip/altera_nios2_gen2/generate_rtl.epl --name=Lab1_nios2_gen2_0_cpu --dir=C:/Users/Alvin/AppData/Local/Temp/alt9265_1146099457804799598.dir/0006_cpu_gen/ --quartus_bindir=C:/altera_lite/16.0/quartus/bin64/ --verilog --config=C:/Users/Alvin/AppData/Local/Temp/alt9265_1146099457804799598.dir/0006_cpu_gen//Lab1_nios2_gen2_0_cpu_processor_configuration.pl  --do_build_sim=0  ]
Info: cpu: # 2022.09.30 13:59:05 (*) Starting Nios II generation
Info: cpu: # 2022.09.30 13:59:05 (*)   Checking for plaintext license.
Info: cpu: # 2022.09.30 13:59:05 (*)   Couldn't query license setup in Quartus directory C:/altera_lite/16.0/quartus/bin64/
Info: cpu: # 2022.09.30 13:59:05 (*)   Defaulting to contents of LM_LICENSE_FILE environment variable
Info: cpu: # 2022.09.30 13:59:05 (*)   LM_LICENSE_FILE environment variable is empty
Info: cpu: # 2022.09.30 13:59:05 (*)   Plaintext license not found.
Info: cpu: # 2022.09.30 13:59:05 (*)   No license required to generate encrypted Nios II/e.
Info: cpu: # 2022.09.30 13:59:05 (*)   Elaborating CPU configuration settings
Info: cpu: # 2022.09.30 13:59:05 (*)   Creating all objects for CPU
Info: cpu: # 2022.09.30 13:59:06 (*)   Generating RTL from CPU objects
Info: cpu: # 2022.09.30 13:59:06 (*)   Creating plain-text RTL
Info: cpu: # 2022.09.30 13:59:06 (*) Done Nios II generation
Info: cpu: Done RTL generation for module 'Lab1_nios2_gen2_0_cpu'
Info: cpu: "nios2_gen2_0" instantiated altera_nios2_gen2_unit "cpu"
Info: sys_pll: "sys_sdram_pll_0" instantiated altera_pll "sys_pll"
Info: reset_from_locked: "sys_sdram_pll_0" instantiated altera_up_avalon_reset_from_locked_signal "reset_from_locked"
Info: nios2_gen2_0_data_master_translator: "mm_interconnect_0" instantiated altera_merlin_master_translator "nios2_gen2_0_data_master_translator"
Info: jtag_uart_0_avalon_jtag_slave_translator: "mm_interconnect_0" instantiated altera_merlin_slave_translator "jtag_uart_0_avalon_jtag_slave_translator"
Info: nios2_gen2_0_data_master_agent: "mm_interconnect_0" instantiated altera_merlin_master_agent "nios2_gen2_0_data_master_agent"
Info: jtag_uart_0_avalon_jtag_slave_agent: "mm_interconnect_0" instantiated altera_merlin_slave_agent "jtag_uart_0_avalon_jtag_slave_agent"
Info: jtag_uart_0_avalon_jtag_slave_agent_rsp_fifo: "mm_interconnect_0" instantiated altera_avalon_sc_fifo "jtag_uart_0_avalon_jtag_slave_agent_rsp_fifo"
Info: router: "mm_interconnect_0" instantiated altera_merlin_router "router"
Info: router_001: "mm_interconnect_0" instantiated altera_merlin_router "router_001"
Info: router_002: "mm_interconnect_0" instantiated altera_merlin_router "router_002"
Info: router_003: "mm_interconnect_0" instantiated altera_merlin_router "router_003"
Info: router_005: "mm_interconnect_0" instantiated altera_merlin_router "router_005"
Info: new_sdram_controller_0_s1_burst_adapter: "mm_interconnect_0" instantiated altera_merlin_burst_adapter "new_sdram_controller_0_s1_burst_adapter"
Info: cmd_demux: "mm_interconnect_0" instantiated altera_merlin_demultiplexer "cmd_demux"
Info: cmd_demux_001: "mm_interconnect_0" instantiated altera_merlin_demultiplexer "cmd_demux_001"
Info: cmd_mux: "mm_interconnect_0" instantiated altera_merlin_multiplexer "cmd_mux"
Info: cmd_mux_001: "mm_interconnect_0" instantiated altera_merlin_multiplexer "cmd_mux_001"
Info: Reusing file C:/Users/Alvin/Desktop/ECE371/Lab1/Lab1/synthesis/submodules/altera_merlin_arbitrator.sv
Info: rsp_demux: "mm_interconnect_0" instantiated altera_merlin_demultiplexer "rsp_demux"
Info: rsp_mux: "mm_interconnect_0" instantiated altera_merlin_multiplexer "rsp_mux"
Info: Reusing file C:/Users/Alvin/Desktop/ECE371/Lab1/Lab1/synthesis/submodules/altera_merlin_arbitrator.sv
Info: rsp_mux_001: "mm_interconnect_0" instantiated altera_merlin_multiplexer "rsp_mux_001"
Info: Reusing file C:/Users/Alvin/Desktop/ECE371/Lab1/Lab1/synthesis/submodules/altera_merlin_arbitrator.sv
Info: new_sdram_controller_0_s1_rsp_width_adapter: "mm_interconnect_0" instantiated altera_merlin_width_adapter "new_sdram_controller_0_s1_rsp_width_adapter"
Info: Reusing file C:/Users/Alvin/Desktop/ECE371/Lab1/Lab1/synthesis/submodules/altera_merlin_address_alignment.sv
Info: Reusing file C:/Users/Alvin/Desktop/ECE371/Lab1/Lab1/synthesis/submodules/altera_merlin_burst_uncompressor.sv
Info: avalon_st_adapter: "mm_interconnect_0" instantiated altera_avalon_st_adapter "avalon_st_adapter"
Info: avalon_st_adapter_003: "mm_interconnect_0" instantiated altera_avalon_st_adapter "avalon_st_adapter_003"
Info: error_adapter_0: "avalon_st_adapter" instantiated error_adapter "error_adapter_0"
Info: error_adapter_0: "avalon_st_adapter_003" instantiated error_adapter "error_adapter_0"
Info: Lab1: Done "Lab1" with 35 modules, 57 files
Info: qsys-generate succeeded.
Info: Finished: Create HDL design files for synthesis
